<?xml version="1.0" encoding="UTF-8"?>
<!-- Generated by org.testng.reporters.JUnitXMLReporter -->
<testsuite hostname="DESKTOP-PV5T3HC" ignored="0" name="Different TestNG Feature Test" tests="26" failures="2" timestamp="13 Apr 2020 21:37:19 GMT" time="78.641" errors="0">
  <testcase name="test1" time="0.008" classname="com.test.ExceptionTimeOutTest"/>
  <testcase name="logoTest" time="0.006" classname="com.test.TestNgBasics"/>
  <testcase name="searchTest" time="0.004" classname="com.test.TestNgBasics"/>
  <testcase name="titleTest" time="0.005" classname="com.test.TestNgBasics"/>
  <testcase name="loginTest" time="0.003" classname="com.test.TestNgFeatures"/>
  <testcase name="homePageTest" time="0.001" classname="com.test.TestNgFeatures"/>
  <testcase name="regPageTest" time="0.003" classname="com.test.TestNgFeatures"/>
  <testcase name="searchPageTest" time="0.001" classname="com.test.TestNgFeatures"/>
  <testcase name="sum" time="0.005" classname="com.test.InvocationCountTest"/>
  <testcase name="sum" time="0.001" classname="com.test.InvocationCountTest"/>
  <testcase name="sum" time="0.007" classname="com.test.InvocationCountTest"/>
  <testcase name="sum" time="0.002" classname="com.test.InvocationCountTest"/>
  <testcase name="sum" time="0.001" classname="com.test.InvocationCountTest"/>
  <testcase name="sum" time="0.016" classname="com.test.InvocationCountTest"/>
  <testcase name="sum" time="0.008" classname="com.test.InvocationCountTest"/>
  <testcase name="sum" time="0.004" classname="com.test.InvocationCountTest"/>
  <testcase name="sum" time="0.0" classname="com.test.InvocationCountTest"/>
  <testcase name="sum" time="0.011" classname="com.test.InvocationCountTest"/>
  <testcase name="googleLogoTest" time="0.156" classname="com.test.GoogleTitleTest"/>
  <testcase name="googleTitleTest" time="0.014" classname="com.test.GoogleTitleTest">
    <failure type="java.lang.AssertionError" message="Title is not matched expected [Google12] but found [Google]">
      <![CDATA[java.lang.AssertionError: Title is not matched expected [Google12] but found [Google]
at com.test.GoogleTitleTest.googleTitleTest(GoogleTitleTest.java:35)
... Removed 30 stack frames]]>
    </failure>
  </testcase> <!-- googleTitleTest -->
  <testcase name="googleTitleTest" time="0.012" classname="com.test.GoogleTest"/>
  <testcase name="googleLogoTest" time="0.091" classname="com.test.GoogleTest"/>
  <testcase name="mailLinkTest" time="30.137" classname="com.test.GoogleTest">
    <failure type="org.openqa.selenium.NoSuchElementException" message="no such element: Unable to locate element: {&amp;quot;method&amp;quot;:&amp;quot;link text&amp;quot;,&amp;quot;selector&amp;quot;:&amp;quot;Mail&amp;quot;}
  (Session info: chrome=80.0.3987.163)
For documentation on this error, please visit: https://www.seleniumhq.org/exceptions/no_such_element.html
Build info: version: &amp;apos;3.141.59&amp;apos;, revision: &amp;apos;e82be7d358&amp;apos;, time: &amp;apos;2018-11-14T08:25:48&amp;apos;
System info: host: &amp;apos;DESKTOP-PV5T3HC&amp;apos;, ip: &amp;apos;192.168.1.4&amp;apos;, os.name: &amp;apos;Windows 10&amp;apos;, os.arch: &amp;apos;amd64&amp;apos;, os.version: &amp;apos;10.0&amp;apos;, java.version: &amp;apos;1.8.0_181&amp;apos;
Driver info: org.openqa.selenium.chrome.ChromeDriver
Capabilities {acceptInsecureCerts: false, browserName: chrome, browserVersion: 80.0.3987.163, chrome: {chromedriverVersion: 79.0.3945.36 (3582db32b3389..., userDataDir: C:\Users\Kirti\AppData\Loca...}, goog:chromeOptions: {debuggerAddress: localhost:59105}, javascriptEnabled: true, networkConnectionEnabled: false, pageLoadStrategy: normal, platform: WINDOWS, platformName: WINDOWS, proxy: Proxy(), setWindowRect: true, strictFileInteractability: false, timeouts: {implicit: 0, pageLoad: 300000, script: 30000}, unhandledPromptBehavior: dismiss and notify}
Session ID: 57abb685ef7d5f671bfeeaba750d626a
*** Element info: {Using=link text, value=Mail}">
      <![CDATA[org.openqa.selenium.NoSuchElementException: no such element: Unable to locate element: {"method":"link text","selector":"Mail"}
  (Session info: chrome=80.0.3987.163)
For documentation on this error, please visit: https://www.seleniumhq.org/exceptions/no_such_element.html
Build info: version: '3.141.59', revision: 'e82be7d358', time: '2018-11-14T08:25:48'
System info: host: 'DESKTOP-PV5T3HC', ip: '192.168.1.4', os.name: 'Windows 10', os.arch: 'amd64', os.version: '10.0', java.version: '1.8.0_181'
Driver info: org.openqa.selenium.chrome.ChromeDriver
Capabilities {acceptInsecureCerts: false, browserName: chrome, browserVersion: 80.0.3987.163, chrome: {chromedriverVersion: 79.0.3945.36 (3582db32b3389..., userDataDir: C:\Users\Kirti\AppData\Loca...}, goog:chromeOptions: {debuggerAddress: localhost:59105}, javascriptEnabled: true, networkConnectionEnabled: false, pageLoadStrategy: normal, platform: WINDOWS, platformName: WINDOWS, proxy: Proxy(), setWindowRect: true, strictFileInteractability: false, timeouts: {implicit: 0, pageLoad: 300000, script: 30000}, unhandledPromptBehavior: dismiss and notify}
Session ID: 57abb685ef7d5f671bfeeaba750d626a
*** Element info: {Using=link text, value=Mail}
at org.openqa.selenium.remote.http.W3CHttpResponseCodec.createException(W3CHttpResponseCodec.java:187)
at org.openqa.selenium.remote.http.W3CHttpResponseCodec.decode(W3CHttpResponseCodec.java:122)
at org.openqa.selenium.remote.http.W3CHttpResponseCodec.decode(W3CHttpResponseCodec.java:49)
at org.openqa.selenium.remote.HttpCommandExecutor.execute(HttpCommandExecutor.java:158)
at org.openqa.selenium.remote.service.DriverCommandExecutor.execute(DriverCommandExecutor.java:83)
at org.openqa.selenium.remote.RemoteWebDriver.execute(RemoteWebDriver.java:552)
at org.openqa.selenium.remote.RemoteWebDriver.findElement(RemoteWebDriver.java:323)
at org.openqa.selenium.remote.RemoteWebDriver.findElementByLinkText(RemoteWebDriver.java:380)
at org.openqa.selenium.By$ByLinkText.findElement(By.java:220)
at org.openqa.selenium.remote.RemoteWebDriver.findElement(RemoteWebDriver.java:315)
at com.test.GoogleTest.mailLinkTest(GoogleTest.java:47)
... Removed 29 stack frames]]>
    </failure>
  </testcase> <!-- mailLinkTest -->
  <testcase name="test1" time="0.003" classname="com.test.GoogleTest"/>
  <testcase name="test2" time="0.001" classname="com.test.GoogleTest"/>
  <testcase name="test3" time="0.001" classname="com.test.GoogleTest"/>
</testsuite> <!-- Different TestNG Feature Test -->
